<?xml version="1.0" encoding="utf-8" standalone="no"?>
<!--This file represents the results of running a test suite-->
<test-results name="F:\local\Framework-C\SmartTrackNewUI\SmartTrack\bin\Debug\Smarttrack.dll" total="1" errors="0" failures="0" not-run="0" inconclusive="0" ignored="0" skipped="0" invalid="0" date="2018-12-09" time="01:34:12">
  <environment nunit-version="2.6.4.14350" clr-version="4.0.30319.42000" os-version="Microsoft Windows NT 6.2.9200.0" platform="Win32NT" cwd="F:\local\Framework-C\SmartTrackNewUI\SmartTrack\bin\Debug" machine-name="RAKIMOHAN" user="Rakesh" user-domain="RAKIMOHAN" />
  <culture-info current-culture="en-IN" current-uiculture="en-US" />
  <test-suite type="Assembly" name="F:\local\Framework-C\SmartTrackNewUI\SmartTrack\bin\Debug\Smarttrack.dll" executed="True" result="Success" success="True" time="471.535" asserts="0">
    <results>
      <test-suite type="Namespace" name="SmartTrack_Automation" executed="True" result="Success" success="True" time="471.519" asserts="0">
        <results>
          <test-suite type="TestFixture" name="Exec_CreateRequirement" executed="True" result="Success" success="True" time="471.514" asserts="0">
            <results>
              <test-suite type="ParameterizedTest" name="TC01_Fn_CreateRequirement" executed="True" result="Success" success="True" time="453.292" asserts="0">
                <results>
                  <test-case name="SmartTrack_Automation.Exec_CreateRequirement.TC01_Fn_CreateRequirement(&quot;MSP$&quot;,&quot;001&quot;,&quot;001&quot;)" executed="True" result="Success" success="True" time="453.263" asserts="0" />
                </results>
              </test-suite>
            </results>
          </test-suite>
        </results>
      </test-suite>
    </results>
  </test-suite>
</test-results>